<?xml version="1.0" encoding="UTF-8"?>
<testng-results ignored="0" total="2" passed="1" failed="1" skipped="0">
  <reporter-output>
  </reporter-output>
  <suite started-at="2021-04-11T09:17:15 EDT" name="Adhoc" finished-at="2021-04-11T09:17:31 EDT" duration-ms="15121">
    <groups>
    </groups>
    <test started-at="2021-04-11T09:17:15 EDT" name="Function" finished-at="2021-04-11T09:17:31 EDT" duration-ms="15121">
      <class name="Automation.HOmeScnariosAutomation">
        <test-method is-config="true" signature="browsers(java.lang.String)[pri:0, instance:Automation.HOmeScnariosAutomation@12b0404f]" started-at="2021-04-11T09:17:15 EDT" name="browsers" finished-at="2021-04-11T09:17:20 EDT" duration-ms="4437" status="PASS">
          <params>
            <param index="0">
              <value>
                <![CDATA[chrome]]>
              </value>
            </param>
          </params>
          <reporter-output>
          </reporter-output>
        </test-method> <!-- browsers -->
        <test-method signature="f()[pri:1, instance:Automation.HOmeScnariosAutomation@12b0404f]" started-at="2021-04-11T09:17:20 EDT" name="f" finished-at="2021-04-11T09:17:22 EDT" duration-ms="1975" status="PASS">
          <reporter-output>
          </reporter-output>
        </test-method> <!-- f -->
        <test-method signature="CreateTheAccount()[pri:2, instance:Automation.HOmeScnariosAutomation@12b0404f]" started-at="2021-04-11T09:17:23 EDT" name="CreateTheAccount" finished-at="2021-04-11T09:17:30 EDT" duration-ms="7362" status="FAIL">
          <exception class="java.lang.AssertionError">
            <message>
              <![CDATA[The following asserts failed:
expected [Passwords must be at least 6 characters. 666666666] but found [Passwords must be at least 6 characters.]]]>
            </message>
            <full-stacktrace>
              <![CDATA[java.lang.AssertionError: The following asserts failed:
expected [Passwords must be at least 6 characters. 666666666] but found [Passwords must be at least 6 characters.]
at org.testng.asserts.SoftAssert.assertAll(SoftAssert.java:47)
at org.testng.asserts.SoftAssert.assertAll(SoftAssert.java:31)
at Automation.HOmeScnariosAutomation.CreateTheAccount(HOmeScnariosAutomation.java:57)
at java.base/jdk.internal.reflect.NativeMethodAccessorImpl.invoke0(Native Method)
at java.base/jdk.internal.reflect.NativeMethodAccessorImpl.invoke(NativeMethodAccessorImpl.java:64)
at java.base/jdk.internal.reflect.DelegatingMethodAccessorImpl.invoke(DelegatingMethodAccessorImpl.java:43)
at java.base/java.lang.reflect.Method.invoke(Method.java:564)
at org.testng.internal.MethodInvocationHelper.invokeMethod(MethodInvocationHelper.java:134)
at org.testng.internal.TestInvoker.invokeMethod(TestInvoker.java:597)
at org.testng.internal.TestInvoker.invokeTestMethod(TestInvoker.java:173)
at org.testng.internal.MethodRunner.runInSequence(MethodRunner.java:46)
at org.testng.internal.TestInvoker$MethodInvocationAgent.invoke(TestInvoker.java:816)
at org.testng.internal.TestInvoker.invokeTestMethods(TestInvoker.java:146)
at org.testng.internal.TestMethodWorker.invokeTestMethods(TestMethodWorker.java:146)
at org.testng.internal.TestMethodWorker.run(TestMethodWorker.java:128)
at java.base/java.util.ArrayList.forEach(ArrayList.java:1511)
at org.testng.TestRunner.privateRun(TestRunner.java:766)
at org.testng.TestRunner.run(TestRunner.java:587)
at org.testng.SuiteRunner.runTest(SuiteRunner.java:384)
at org.testng.SuiteRunner.access$000(SuiteRunner.java:28)
at org.testng.SuiteRunner$SuiteWorker.run(SuiteRunner.java:425)
at org.testng.internal.thread.ThreadUtil.lambda$execute$0(ThreadUtil.java:68)
at java.base/java.util.concurrent.FutureTask.run(FutureTask.java:264)
at java.base/java.util.concurrent.ThreadPoolExecutor.runWorker(ThreadPoolExecutor.java:1130)
at java.base/java.util.concurrent.ThreadPoolExecutor$Worker.run(ThreadPoolExecutor.java:630)
at java.base/java.lang.Thread.run(Thread.java:832)
]]>
            </full-stacktrace>
          </exception> <!-- java.lang.AssertionError -->
          <reporter-output>
          </reporter-output>
        </test-method> <!-- CreateTheAccount -->
        <test-method is-config="true" signature="Afterclass()[pri:0, instance:Automation.HOmeScnariosAutomation@12b0404f]" started-at="2021-04-11T09:17:30 EDT" name="Afterclass" finished-at="2021-04-11T09:17:31 EDT" duration-ms="332" status="PASS">
          <reporter-output>
          </reporter-output>
        </test-method> <!-- Afterclass -->
      </class> <!-- Automation.HOmeScnariosAutomation -->
    </test> <!-- Function -->
  </suite> <!-- Adhoc -->
</testng-results>
