<?xml version="1.0" encoding="UTF-8"?>
<!-- Generated by org.testng.reporters.JUnitXMLReporter -->
<testsuite ignored="0" hostname="DESKTOP-TQ5Q620" failures="1" tests="2" name="Function" time="15.121" errors="0" timestamp="2021-04-11T09:17:31 EDT">
  <testcase classname="Automation.HOmeScnariosAutomation" name="f" time="1.975"/>
  <testcase classname="Automation.HOmeScnariosAutomation" name="CreateTheAccount" time="7.362">
    <failure type="java.lang.AssertionError" message="The following asserts failed:
	expected [Passwords must be at least 6 characters. 666666666] but found [Passwords must be at least 6 characters.]">
      <![CDATA[java.lang.AssertionError: The following asserts failed:
expected [Passwords must be at least 6 characters. 666666666] but found [Passwords must be at least 6 characters.]
at Automation.HOmeScnariosAutomation.CreateTheAccount(HOmeScnariosAutomation.java:57)
at java.base/java.util.ArrayList.forEach(ArrayList.java:1511)
at java.base/java.util.concurrent.FutureTask.run(FutureTask.java:264)
at java.base/java.util.concurrent.ThreadPoolExecutor.runWorker(ThreadPoolExecutor.java:1130)
at java.base/java.util.concurrent.ThreadPoolExecutor$Worker.run(ThreadPoolExecutor.java:630)
at java.base/java.lang.Thread.run(Thread.java:832)
... Removed 20 stack frames]]>
    </failure>
  </testcase> <!-- CreateTheAccount -->
</testsuite> <!-- Function -->
